<?xml version="1.0" encoding="UTF-8"?>
<testng-results ignored="0" total="1" passed="1" failed="0" skipped="0">
  <reporter-output>
  </reporter-output>
  <suite started-at="2023-06-22T22:20:08 EDT" name="All Test Suite" finished-at="2023-06-22T22:20:18 EDT" duration-ms="10038">
    <groups>
    </groups>
    <test started-at="2023-06-22T22:20:08 EDT" name="fbTest" finished-at="2023-06-22T22:20:18 EDT" duration-ms="10038">
      <class name="jenkins.facebooklogIn">
        <test-method signature="fbLogin(java.lang.String)[pri:0, instance:jenkins.facebooklogIn@11a9e7c8]" started-at="2023-06-22T22:20:08 EDT" name="fbLogin" finished-at="2023-06-22T22:20:18 EDT" duration-ms="9984" status="PASS">
          <params>
            <param index="0">
              <value>
                <![CDATA[Chrome]]>
              </value>
            </param>
          </params>
          <reporter-output>
          </reporter-output>
        </test-method> <!-- fbLogin -->
      </class> <!-- jenkins.facebooklogIn -->
    </test> <!-- fbTest -->
  </suite> <!-- All Test Suite -->
</testng-results>
